<?xml version="1.0" encoding="UTF-8"?>
<!-- Generated by org.testng.reporters.JUnitXMLReporter -->
<testsuite ignored="0" hostname="LAPTOP-VLLNHLMJ" failures="0" tests="4" name="Default test" time="32.026" errors="0" timestamp="2025-05-30T05:06:19 GMT+03:00">
  <testcase classname="TestCases" name="Search_for_Accommodations" time="5.132"/>
  <testcase classname="TestCases" name="CheckInDate_CheckOutDate" time="0.993"/>
  <testcase classname="TestCases" name="Visitors_Rooms_Children" time="9.693"/>
  <testcase classname="TestCases" name="NavigateToAccommodationDetails" time="10.594"/>
</testsuite> <!-- Default test -->
