<?xml version="1.0" encoding="UTF-8"?>
<!-- Generated by org.testng.reporters.JUnitXMLReporter -->
<testsuite ignored="0" hostname="LAPTOP-VLLNHLMJ" failures="0" tests="9" name="Default test" time="140.344" errors="0" timestamp="2025-05-31T16:18:34 GMT+03:00">
  <testcase classname="TestCases" name="Search_for_Accommodations" time="4.987"/>
  <testcase classname="TestCases" name="CheckInDate_CheckOutDate" time="1.738"/>
  <testcase classname="TestCases" name="Visitors_Rooms_Children" time="19.722"/>
  <testcase classname="TestCases" name="NavigateToAccommodationDetails" time="18.207"/>
  <testcase classname="TestCases" name="setRandomPriceFilter" time="6.346"/>
  <testcase classname="TestCases" name="sortByRating" time="2.708"/>
  <testcase classname="TestCases" name="BookingProcess" time="15.481"/>
  <testcase classname="TestCases" name="PaymentDetails" time="20.622"/>
  <testcase classname="TestCases" name="CorrectPayment" time="40.5"/>
</testsuite> <!-- Default test -->
