<?xml version="1.0" encoding="UTF-8"?>
<testng-results ignored="0" total="1" passed="1" failed="0" skipped="0">
  <reporter-output>
  </reporter-output>
  <suite started-at="2025-05-30T03:43:30 GMT+03:00" name="Default suite" finished-at="2025-05-30T03:44:03 GMT+03:00" duration-ms="33226">
    <groups>
    </groups>
    <test started-at="2025-05-30T03:43:30 GMT+03:00" name="Default test" finished-at="2025-05-30T03:44:03 GMT+03:00" duration-ms="33226">
      <class name="TestCases">
        <test-method is-config="true" signature="SetUp()[pri:0, instance:TestCases@2c532cd8]" started-at="2025-05-30T03:43:30 GMT+03:00" name="SetUp" finished-at="2025-05-30T03:43:39 GMT+03:00" duration-ms="8523" status="PASS">
          <reporter-output>
          </reporter-output>
        </test-method> <!-- SetUp -->
        <test-method signature="Search_for_Accommodations()[pri:1, instance:TestCases@2c532cd8]" started-at="2025-05-30T03:43:39 GMT+03:00" name="Search_for_Accommodations" finished-at="2025-05-30T03:44:03 GMT+03:00" duration-ms="24544" status="PASS">
          <reporter-output>
          </reporter-output>
        </test-method> <!-- Search_for_Accommodations -->
      </class> <!-- TestCases -->
    </test> <!-- Default test -->
  </suite> <!-- Default suite -->
</testng-results>
